
 Ansys Mechanical Enterprise Academic Student      


 *------------------------------------------------------------------*
 |                                                                  |
 |   W E L C O M E   T O   T H E   A N S Y S (R)  P R O G R A M     |
 |                                                                  |
 *------------------------------------------------------------------*




 ***************************************************************
 *         ANSYS MAPDL 2024 R2          LEGAL NOTICES          *
 ***************************************************************
 *                                                             *
 * Copyright 1971-2024 Ansys, Inc.  All rights reserved.       *
 * Unauthorized use, distribution or duplication is            *
 * prohibited.                                                 *
 *                                                             *
 * Ansys is a registered trademark of Ansys, Inc. or its       *
 * subsidiaries in the United States or other countries.       *
 * See the Ansys, Inc. online documentation or the Ansys, Inc. *
 * documentation CD or online help for the complete Legal      *
 * Notice.                                                     *
 *                                                             *
 ***************************************************************
 *                                                             *
 * THIS ANSYS SOFTWARE PRODUCT AND PROGRAM DOCUMENTATION       *
 * INCLUDE TRADE SECRETS AND CONFIDENTIAL AND PROPRIETARY      *
 * PRODUCTS OF ANSYS, INC., ITS SUBSIDIARIES, OR LICENSORS.    *
 * The software products and documentation are furnished by    *
 * Ansys, Inc. or its subsidiaries under a software license    *
 * agreement that contains provisions concerning               *
 * non-disclosure, copying, length and nature of use,          *
 * compliance with exporting laws, warranties, disclaimers,    *
 * limitations of liability, and remedies, and other           *
 * provisions.  The software products and documentation may be *
 * used, disclosed, transferred, or copied only in accordance  *
 * with the terms and conditions of that software license      *
 * agreement.                                                  *
 *                                                             *
 * Ansys, Inc. is a UL registered                              *
 * ISO 9001:2015 company.                                      *
 *                                                             *
 ***************************************************************
 *                                                             *
 * This product is subject to U.S. laws governing export and   *
 * re-export.                                                  *
 *                                                             *
 * For U.S. Government users, except as specifically granted   *
 * by the Ansys, Inc. software license agreement, the use,     *
 * duplication, or disclosure by the United States Government  *
 * is subject to restrictions stated in the Ansys, Inc.        *
 * software license agreement and FAR 12.212 (for non-DOD      *
 * licenses).                                                  *
 *                                                             *
 ***************************************************************

 2024 R2 
     
 Point Releases and Patches installed:   
     
 Ansys Service Pack 2024 R2.18871204 
 Discovery 2024 R2.18871204  
 Core WB Files 2024 R2.18871204  
 Ansys Dynamic Reporting 2024 R2.18871204
 SpaceClaim 2024 R2.18871204 
 CFX (includes CFD-Post) 2024 R2.18871204
 Chemkin 2024 R2.18871204
 EnSight 2024 R2.18871204
 FENSAP-ICE 2024 R2.18871204 
 Fluent (includes CFD-Post) 2024 R2.18871204 
 Polyflow (includes CFD-Post) 2024 R2.18871204   
 Forte (includes EnSight) 2024 R2.18871204   
 TurboGrid 2024 R2.18871204  
 ACIS Geometry Interface 2024 R2.18871204
 AutoCAD Geometry Interface 2024 R2.18871204 
 Catia, Version 4 Geometry Interface 2024 R2.18871204
 Catia, Version 5 Geometry Interface 2024 R2.18871204
 Catia, Version 6 Geometry Interface 2024 R2.18871204
 Creo Elements/Direct Modeling Geometry Interface 2024 R2.18871204   
 Creo Parametric Geometry Interface 2024 R2.18871204 
 Inventor Geometry Interface 2024 R2.18871204
 JTOpen Geometry Interface 2024 R2.18871204  
 NX Geometry Interface 2024 R2.18871204  
 Parasolid Geometry Interface  2024 R2.18871204  
 Solid Edge Geometry Interface 2024 R2.18871204  
 SOLIDWORKS Geometry Interface 2024 R2.18871204  
 Speos 2024 R2.18871204  
 Aqwa 2024 R2.18871204   
 Autodyn 2024 R2.18871204
 Material Calibration App 2024 R2.18871204   
 Customization Files for User Programmable Features 2024 R2.18871204 
 Mechanical Products 2024 R2.18871204
 Motion 2024 R2.18871204 
 Academic Student 2024 R2.18871204   
 Ansys Service Pack 2024 R2.14678500 
 Discovery 2024 R2.14678500  
 Core WB Files 2024 R2.14678500  
 Ansys Dynamic Reporting 2024 R2.14678500
 SpaceClaim 2024 R2.14678500 
 CFX (includes CFD-Post) 2024 R2.14678500
 Chemkin 2024 R2.14678500
 EnSight 2024 R2.14678500
 FENSAP-ICE 2024 R2.14678500 
 Fluent (includes CFD-Post) 2024 R2.14678500 
 Polyflow (includes CFD-Post) 2024 R2.14678500   
 Forte (includes EnSight) 2024 R2.14678500   
 TurboGrid 2024 R2.14678500  
 ACIS Geometry Interface 2024 R2.14678500
 AutoCAD Geometry Interface 2024 R2.14678500 
 Catia, Version 4 Geometry Interface 2024 R2.14678500
 Catia, Version 5 Geometry Interface 2024 R2.14678500
 Catia, Version 6 Geometry Interface 2024 R2.14678500
 Creo Elements/Direct Modeling Geometry Interface 2024 R2.14678500   
 Creo Parametric Geometry Interface 2024 R2.14678500 
 Inventor Geometry Interface 2024 R2.14678500
 JTOpen Geometry Interface 2024 R2.14678500  
 NX Geometry Interface 2024 R2.14678500  
 Parasolid Geometry Interface  2024 R2.14678500  
 Solid Edge Geometry Interface 2024 R2.14678500  
 SOLIDWORKS Geometry Interface 2024 R2.14678500  
 Speos 2024 R2.14678500  
 Aqwa 2024 R2.14678500   
 Autodyn 2024 R2.14678500
 Material Calibration App 2024 R2.14678500   
 Customization Files for User Programmable Features 2024 R2.14678500 
 Mechanical Products 2024 R2.14678500
 Motion 2024 R2.14678500 
 Academic Student 2024 R2.14678500   


          *****  MAPDL COMMAND LINE ARGUMENTS  *****
  BATCH MODE REQUESTED (-b)    = NOLIST
  INPUT FILE COPY MODE (-c)    = COPY
  DISTRIBUTED MEMORY PARALLEL REQUESTED
       4 PARALLEL PROCESSES REQUESTED WITH SINGLE THREAD PER PROCESS
    TOTAL OF     4 CORES REQUESTED
  INPUT FILE NAME              = C:\Users\Cherr\AppData\Local\Temp\WB_Cherr_13832_2\_ProjectScratch\Scr56BE\dummy.dat
  OUTPUT FILE NAME             = C:\Users\Cherr\AppData\Local\Temp\WB_Cherr_13832_2\_ProjectScratch\Scr56BE\solve.out
  START-UP FILE MODE           = NOREAD
  STOP FILE MODE               = NOREAD

 RELEASE= 2024 R2              BUILD= 24.2      UP20240513   VERSION=WINDOWS x64 
 CURRENT JOBNAME=file0  17:30:09  FEB 24, 2025 CP=      0.172


 PARAMETER _DS_PROGRESS =     999.0000000    

 /INPUT FILE= ds.dat  LINE=       0



 *** NOTE ***                            CP =       0.516   TIME= 17:30:10
 The /CONFIG,NOELDB command is not valid in a distributed memory         
 parallel solution.  Command is ignored.                                 

 *GET  _WALLSTRT  FROM  ACTI  ITEM=TIME WALL  VALUE=  17.5027778    

 TITLE= 
 wbnew--Static Structural (A5)                                                 

  ACT Extensions:
      LSDYNA, 2024.2
      5f463412-bd3e-484b-87e7-cbc0a665e474, wbex
 /COM,     ANSYSMotion, 2024.2
      20180725-3f81-49eb-9f31-41364844c769, wbex
  

 SET PARAMETER DIMENSIONS ON  _WB_PROJECTSCRATCH_DIR
  TYPE=STRI  DIMENSIONS=      248        1        1

 PARAMETER _WB_PROJECTSCRATCH_DIR(1) = C:\Users\Cherr\AppData\Local\Temp\WB_Cherr_13832_2\_ProjectScratch\Scr56BE\

 SET PARAMETER DIMENSIONS ON  _WB_SOLVERFILES_DIR
  TYPE=STRI  DIMENSIONS=      248        1        1

 PARAMETER _WB_SOLVERFILES_DIR(1) = C:\Users\Cherr\AppData\Local\Temp\WB_Cherr_13832_2\wbnew_files\dp0\SYS\MECH\

 SET PARAMETER DIMENSIONS ON  _WB_USERFILES_DIR
  TYPE=STRI  DIMENSIONS=      248        1        1

 PARAMETER _WB_USERFILES_DIR(1) = C:\Users\Cherr\AppData\Local\Temp\WB_Cherr_13832_2\wbnew_files\user_files\
 --- Data in consistent MKS units. See Solving Units in the help system for more

 MKS UNITS SPECIFIED FOR INTERNAL    
  LENGTH        (l)  = METER (M)
  MASS          (M)  = KILOGRAM (KG)
  TIME          (t)  = SECOND (SEC)
  TEMPERATURE   (T)  = CELSIUS (C)
  TOFFSET            = 273.0
  CHARGE        (Q)  = COULOMB
  FORCE         (f)  = NEWTON (N) (KG-M/SEC2)
  HEAT               = JOULE (N-M)

  PRESSURE           = PASCAL (NEWTON/M**2)
  ENERGY        (W)  = JOULE (N-M)
  POWER         (P)  = WATT (N-M/SEC)
  CURRENT       (i)  = AMPERE (COULOMBS/SEC)
  CAPACITANCE   (C)  = FARAD
  INDUCTANCE    (L)  = HENRY
  MAGNETIC FLUX      = WEBER
  RESISTANCE    (R)  = OHM
  ELECTRIC POTENTIAL = VOLT

 INPUT  UNITS ARE ALSO SET TO MKS 

 *** MAPDL - ENGINEERING ANALYSIS SYSTEM  RELEASE 2024 R2          24.2     ***
 Ansys Mechanical Enterprise Academic Student      
 01055371  VERSION=WINDOWS x64   17:30:10  FEB 24, 2025 CP=      0.531

 wbnew--Static Structural (A5)                                                 



          ***** MAPDL ANALYSIS DEFINITION (PREP7) *****
 *********** Nodes for the whole assembly ***********
 *********** Elements for Body 1 'Part2-FreeParts|PartBody' ***********
 *********** Send User Defined Coordinate System(s) ***********
 *********** Set Reference Temperature ***********
 *********** Send Materials ***********
 *********** Fixed Supports ***********
 *********** Define Force Using Surface Effect Elements ***********


 ***** ROUTINE COMPLETED *****  CP =         0.906


 --- Number of total nodes = 3651
 --- Number of contact elements = 274
 --- Number of spring elements = 0
 --- Number of bearing elements = 0
 --- Number of solid elements = 1399
 --- Number of condensed parts = 0
 --- Number of total elements = 1673

 *GET  _WALLBSOL  FROM  ACTI  ITEM=TIME WALL  VALUE=  17.5027778    
 ****************************************************************************
 *************************    SOLUTION       ********************************
 ****************************************************************************

 *****  MAPDL SOLUTION ROUTINE  *****


 PERFORM A STATIC ANALYSIS
  THIS WILL BE A NEW ANALYSIS

 PARAMETER _THICKRATIO =     0.000000000    

 USE SPARSE MATRIX DIRECT SOLVER

 CONTACT INFORMATION PRINTOUT LEVEL       1

 CHECK INITIAL OPEN/CLOSED STATUS OF SELECTED CONTACT ELEMENTS
      AND LIST DETAILED CONTACT PAIR INFORMATION

 SPLIT CONTACT SURFACES AT SOLVE PHASE

    NUMBER OF SPLITTING TBD BY PROGRAM

 DO NOT COMBINE ELEMENT MATRIX FILES (.emat) AFTER DISTRIBUTED PARALLEL SOLUTION

 DO NOT COMBINE ELEMENT SAVE DATA FILES (.esav) AFTER DISTRIBUTED PARALLEL SOLUTION

 NLDIAG: Nonlinear diagnostics CONT option is set to ON. 
         Writing frequency : each ITERATION.

 DO NOT SAVE ANY RESTART FILES AT ALL
 ****************************************************
 ******************* SOLVE FOR LS 1 OF 1 ****************

 SELECT       FOR ITEM=TYPE COMPONENT=    
  IN RANGE         2 TO          2 STEP          1

        274  ELEMENTS (OF       1673  DEFINED) SELECTED BY  ESEL  COMMAND.

 SELECT      ALL NODES HAVING ANY ELEMENT IN ELEMENT SET.

        797 NODES (OF       3651  DEFINED) SELECTED FROM
      274 SELECTED ELEMENTS BY NSLE COMMAND.

 SPECIFIED SURFACE LOAD PRES FOR ALL SELECTED ELEMENTS  LKEY =  1   KVAL = 1
     VALUES =    -1468.8        -1468.8        -1468.8        -1468.8    

 SPECIFIED SURFACE LOAD PRES FOR ALL SELECTED ELEMENTS  LKEY =  2   KVAL = 1
     VALUES =     0.0000         0.0000         0.0000         0.0000    

 SPECIFIED SURFACE LOAD PRES FOR ALL SELECTED ELEMENTS  LKEY =  3   KVAL = 1
     VALUES =     0.0000         0.0000         0.0000         0.0000    

 ALL SELECT   FOR ITEM=NODE COMPONENT=    
  IN RANGE         1 TO       3651 STEP          1

       3651  NODES (OF       3651  DEFINED) SELECTED BY NSEL  COMMAND.

 ALL SELECT   FOR ITEM=ELEM COMPONENT=    
  IN RANGE         1 TO       3155 STEP          1

       1673  ELEMENTS (OF       1673  DEFINED) SELECTED BY  ESEL  COMMAND.

 PRINTOUT RESUMED BY /GOP

 USE       1 SUBSTEPS INITIALLY THIS LOAD STEP FOR ALL  DEGREES OF FREEDOM
 FOR AUTOMATIC TIME STEPPING:
   USE      1 SUBSTEPS AS A MAXIMUM
   USE      1 SUBSTEPS AS A MINIMUM

 TIME=  1.0000    

 ERASE THE CURRENT DATABASE OUTPUT CONTROL TABLE.


 WRITE ALL  ITEMS TO THE DATABASE WITH A FREQUENCY OF NONE
   FOR ALL APPLICABLE ENTITIES

 WRITE NSOL ITEMS TO THE DATABASE WITH A FREQUENCY OF ALL 
   FOR ALL APPLICABLE ENTITIES

 WRITE RSOL ITEMS TO THE DATABASE WITH A FREQUENCY OF ALL 
   FOR ALL APPLICABLE ENTITIES

 WRITE EANG ITEMS TO THE DATABASE WITH A FREQUENCY OF ALL 
   FOR ALL APPLICABLE ENTITIES

 WRITE ETMP ITEMS TO THE DATABASE WITH A FREQUENCY OF ALL 
   FOR ALL APPLICABLE ENTITIES

 WRITE VENG ITEMS TO THE DATABASE WITH A FREQUENCY OF ALL 
   FOR ALL APPLICABLE ENTITIES

 WRITE STRS ITEMS TO THE DATABASE WITH A FREQUENCY OF ALL 
   FOR ALL APPLICABLE ENTITIES

 WRITE EPEL ITEMS TO THE DATABASE WITH A FREQUENCY OF ALL 
   FOR ALL APPLICABLE ENTITIES

 WRITE EPPL ITEMS TO THE DATABASE WITH A FREQUENCY OF ALL 
   FOR ALL APPLICABLE ENTITIES

 WRITE CONT ITEMS TO THE DATABASE WITH A FREQUENCY OF ALL 
   FOR ALL APPLICABLE ENTITIES

 *GET  ANSINTER_  FROM  ACTI  ITEM=INT        VALUE=  0.00000000    

 *IF  ANSINTER_  ( =   0.00000     )  NE  
      0  ( =   0.00000     )  THEN    

 *ENDIF

 *** NOTE ***                            CP =       1.156   TIME= 17:30:10
 The automatic domain decomposition logic has selected the MESH domain   
 decomposition method with 4 processes per solution.                     

 *****  MAPDL SOLVE    COMMAND  *****

 *** WARNING ***                         CP =       1.219   TIME= 17:30:10
 Element shape checking is currently inactive.  Issue SHPP,ON or         
 SHPP,WARN to reactivate, if desired.                                    

 *** NOTE ***                            CP =       1.250   TIME= 17:30:10
 The model data was checked and warning messages were found.             
  Please review output or errors file (                                  
 C:\Users\Cherr\AppData\Local\Temp\WB_Cherr_13832_2\_ProjectScratch\Scr5 
 56BE\file0.err ) for these warning messages.                            

 *** SELECTION OF ELEMENT TECHNOLOGIES FOR APPLICABLE ELEMENTS ***
      --- GIVE SUGGESTIONS AND RESET THE KEY OPTIONS ---

 ELEMENT TYPE         1 IS SOLID187. IT IS NOT ASSOCIATED WITH FULLY INCOMPRESSIBLE
 HYPERELASTIC MATERIALS. NO SUGGESTION IS AVAILABLE AND NO RESETTING IS NEEDED.



 *** MAPDL - ENGINEERING ANALYSIS SYSTEM  RELEASE 2024 R2          24.2     ***
 Ansys Mechanical Enterprise Academic Student      
 01055371  VERSION=WINDOWS x64   17:30:10  FEB 24, 2025 CP=      1.266

 wbnew--Static Structural (A5)                                                 



                       S O L U T I O N   O P T I O N S

   PROBLEM DIMENSIONALITY. . . . . . . . . . . . .3-D                  
   DEGREES OF FREEDOM. . . . . . UX   UY   UZ  
   ANALYSIS TYPE . . . . . . . . . . . . . . . . .STATIC (STEADY-STATE)
   OFFSET TEMPERATURE FROM ABSOLUTE ZERO . . . . .  273.15    
   EQUATION SOLVER OPTION. . . . . . . . . . . . .SPARSE             
   GLOBALLY ASSEMBLED MATRIX . . . . . . . . . . .SYMMETRIC  

 *** WARNING ***                         CP =       1.266   TIME= 17:30:10
 Material number 2 (used by element 2882) should normally have at least  
 one MP or one TB type command associated with it.  Output of energy by  
 material may not be available.                                          

 *** NOTE ***                            CP =       1.266   TIME= 17:30:10
 The step data was checked and warning messages were found.              
  Please review output or errors file (                                  
 C:\Users\Cherr\AppData\Local\Temp\WB_Cherr_13832_2\_ProjectScratch\Scr5 
 56BE\file0.err ) for these warning messages.                            

 *** NOTE ***                            CP =       1.266   TIME= 17:30:10
 The conditions for direct assembly have been met.  No .emat or .erot    
 files will be produced.                                                 

  
  
     D I S T R I B U T E D   D O M A I N   D E C O M P O S E R
  
  ...Number of elements: 1673
  ...Number of nodes:    3651
  ...Decompose to 4 CPU domains
  ...Element load balance ratio =     1.048


                      L O A D   S T E P   O P T I O N S

   LOAD STEP NUMBER. . . . . . . . . . . . . . . .     1
   TIME AT END OF THE LOAD STEP. . . . . . . . . .  1.0000    
   NUMBER OF SUBSTEPS. . . . . . . . . . . . . . .     1
   STEP CHANGE BOUNDARY CONDITIONS . . . . . . . .    NO
   PRINT OUTPUT CONTROLS . . . . . . . . . . . . .NO PRINTOUT
   DATABASE OUTPUT CONTROLS
      ITEM     FREQUENCY   COMPONENT
       ALL       NONE               
      NSOL        ALL               
      RSOL        ALL               
      EANG        ALL               
      ETMP        ALL               
      VENG        ALL               
      STRS        ALL               
      EPEL        ALL               
      EPPL        ALL               
      CONT        ALL               


 SOLUTION MONITORING INFO IS WRITTEN TO FILE= file.mntr                                                                                                                                                                                                                                                           



                         ***********  PRECISE MASS SUMMARY  ***********

   TOTAL RIGID BODY MASS MATRIX ABOUT ORIGIN
               Translational mass               |   Coupled translational/rotational mass
         306.55        0.0000        0.0000     |     0.0000        86.704       -241.48    
         0.0000        306.55        0.0000     |    -86.704        0.0000        163.15    
         0.0000        0.0000        306.55     |     241.48       -163.15        0.0000    
     ------------------------------------------ | ------------------------------------------
                                                |         Rotational mass (inertia)
                                                |     325.05       -128.52       -45.982    
                                                |    -128.52        222.17       -75.149    
                                                |    -45.982       -75.149        410.31    

   TOTAL MASS =  306.55    
     The mass principal axes coincide with the global Cartesian axes

   CENTER OF MASS (X,Y,Z)=   0.53221       0.78773       0.28283    

   TOTAL INERTIA ABOUT CENTER OF MASS
         110.30      -0.55855E-02   0.16287    
       -0.55855E-02    110.82       -6.8501    
        0.16287       -6.8501        133.26    

   PRINCIPAL INERTIAS =    110.30        108.89        135.18    
   ORIENTATION VECTORS OF THE INERTIA PRINCIPAL AXES IN GLOBAL CARTESIAN
     ( 1.000, 0.028, 0.001) (-0.028, 0.962, 0.271) ( 0.006,-0.271, 0.963) 


  *** MASS SUMMARY BY ELEMENT TYPE ***

  TYPE      MASS
     1   306.554    

 Range of element maximum matrix coefficients in global coordinates
 Maximum = 1.501095811E+11 at element 1353.                              
 Minimum = 1.54728233E+09 at element 906.                                

   *** ELEMENT MATRIX FORMULATION TIMES
     TYPE    NUMBER   ENAME      TOTAL CP  AVE CP

        1      1399  SOLID187      0.266   0.000190
        2       274  SURF154       0.000   0.000000
 Time at end of element matrix formulation CP = 1.921875.                

 DISTRIBUTED SPARSE MATRIX DIRECT SOLVER.
  Number of equations =        8925,    Maximum wavefront =    189


  Memory allocated on only this MPI rank (rank     0)
  -------------------------------------------------------------------
  Equation solver memory allocated                     =     4.489 MB
  Equation solver memory required for in-core mode     =     4.324 MB
  Equation solver memory required for out-of-core mode =     3.346 MB
  Total (solver and non-solver) memory allocated       =   389.704 MB


  Total memory summed across all MPI ranks on this machines
  -------------------------------------------------------------------
  Equation solver memory allocated                     =    18.310 MB
  Equation solver memory required for in-core mode     =    17.659 MB
  Equation solver memory required for out-of-core mode =    14.163 MB
  Total (solver and non-solver) memory allocated       =   728.075 MB

 *** NOTE ***                            CP =       1.953   TIME= 17:30:10
 The Distributed Sparse Matrix Solver is currently running in the        
 in-core memory mode.  This memory mode uses the most amount of memory   
 in order to avoid using the hard drive as much as possible, which most  
 often results in the fastest solution time.  This mode is recommended   
 if enough physical memory is present to accommodate all of the solver   
 data.                                                                   
 Distributed sparse solver maximum pivot= 1.535692477E+11 at node 1164   
 UX.                                                                     
 Distributed sparse solver minimum pivot= 2708889.08 at node 602 UX.     
 Distributed sparse solver minimum pivot in absolute value= 2708889.08   
 at node 602 UX.                                                         

   *** ELEMENT RESULT CALCULATION TIMES
     TYPE    NUMBER   ENAME      TOTAL CP  AVE CP

        1      1399  SOLID187      0.094   0.000067
        2       274  SURF154       0.016   0.000057

   *** NODAL LOAD CALCULATION TIMES
     TYPE    NUMBER   ENAME      TOTAL CP  AVE CP

        1      1399  SOLID187      0.000   0.000000
        2       274  SURF154       0.000   0.000000
 *** LOAD STEP     1   SUBSTEP     1  COMPLETED.    CUM ITER =      1
 *** TIME =   1.00000         TIME INC =   1.00000      NEW TRIANG MATRIX


 *** MAPDL BINARY FILE STATISTICS
  BUFFER SIZE USED= 16384
        0.812 MB WRITTEN ON ASSEMBLED MATRIX FILE: file0.full
        0.625 MB WRITTEN ON RESULTS FILE: file0.rst
 *************** Write FE CONNECTORS *********

 WRITE OUT CONSTRAINT EQUATIONS TO FILE= file.ce                                                                                                                                                                                                                                                             
 ****************************************************
 *************** FINISHED SOLVE FOR LS 1 *************

 *GET  _WALLASOL  FROM  ACTI  ITEM=TIME WALL  VALUE=  17.5030556    

 PRINTOUT RESUMED BY /GOP

 FINISH SOLUTION PROCESSING


 ***** ROUTINE COMPLETED *****  CP =         2.109



 *** MAPDL - ENGINEERING ANALYSIS SYSTEM  RELEASE 2024 R2          24.2     ***
 Ansys Mechanical Enterprise Academic Student      
 01055371  VERSION=WINDOWS x64   17:30:11  FEB 24, 2025 CP=      2.125

 wbnew--Static Structural (A5)                                                 



          ***** MAPDL RESULTS INTERPRETATION (POST1) *****

 *** NOTE ***                            CP =       2.125   TIME= 17:30:11
 Reading results into the database (SET command) will update the current 
 displacement and force boundary conditions in the database with the     
 values from the results file for that load set.  Note that any          
 subsequent solutions will use these values unless action is taken to    
 either SAVE the current values or not overwrite them (/EXIT,NOSAVE).    

 Set Encoding of XML File to:ISO-8859-1

 Set Output of XML File to:
     PARM,     ,     ,     ,     ,     ,     ,     ,     ,     ,     ,     ,
         ,     ,     ,     ,     ,     ,     ,

 DATABASE WRITTEN ON FILE  parm.xml                                                                                                                                                                                                                                                            

 EXIT THE MAPDL POST1 DATABASE PROCESSOR


 ***** ROUTINE COMPLETED *****  CP =         2.125



 PRINTOUT RESUMED BY /GOP

 *GET  _WALLDONE  FROM  ACTI  ITEM=TIME WALL  VALUE=  17.5030556    

 PARAMETER _PREPTIME =     0.000000000    

 PARAMETER _SOLVTIME =     1.000000000    

 PARAMETER _POSTTIME =     0.000000000    

 PARAMETER _TOTALTIM =     1.000000000    

 *GET  _DLBRATIO  FROM  ACTI  ITEM=SOLU DLBR  VALUE=  1.04784689    

 *GET  _COMBTIME  FROM  ACTI  ITEM=SOLU COMB  VALUE= 0.335862000E-01

 *GET  _SSMODE   FROM  ACTI  ITEM=SOLU SSMM  VALUE=  2.00000000    

 *GET  _NDOFS    FROM  ACTI  ITEM=SOLU NDOF  VALUE=  8925.00000    

 *GET  _SOL_END_TIME  FROM  ACTI  ITEM=SET  TIME  VALUE=  1.00000000    

 *IF  _sol_end_time  ( =   1.00000     )  EQ  
      1.000000  ( =   1.00000     )  THEN    

 /FCLEAN COMMAND REMOVING ALL LOCAL FILES

 *ENDIF
 --- Total number of nodes = 3651
 --- Total number of elements = 1673
 --- Element load balance ratio = 1.04784689
 --- Time to combine distributed files = 3.35862E-02
 --- Sparse memory mode = 2
 --- Number of DOF = 8925

 EXIT MAPDL WITHOUT SAVING DATABASE


 NUMBER OF WARNING MESSAGES ENCOUNTERED=          2
 NUMBER OF ERROR   MESSAGES ENCOUNTERED=          0

+--------------------- M A P D L   S T A T I S T I C S ------------------------+

Release: 2024 R2            Build: 24.2       Update: UP20240513   Platform: WINDOWS x64 
Date Run: 02/24/2025   Time: 17:30     Process ID: 21136
Operating System: Windows 11  (Build: 26100)

Processor Model: AMD Ryzen 5 5500U with Radeon Graphics

Compiler: Intel(R) Fortran Compiler Classic Version 2021.9  (Build: 20230302)
          Intel(R) C/C++ Compiler Classic Version 2021.9  (Build: 20230302)
          AOCL-BLAS 4.2.1 Build 20240304

Number of machines requested            :    1
Total number of cores available         :   12
Number of physical cores available      :    6
Number of processes requested           :    4
Number of threads per process requested :    1
Total number of cores requested         :    4 (Distributed Memory Parallel)               
MPI Type: INTELMPI
MPI Version: Intel(R) MPI Library 2021.11 for Windows* OS


GPU Acceleration: Not Requested

Job Name: file0
Input File: dummy.dat

  Core                Machine Name   Working Directory
 -----------------------------------------------------
     0                      Cherry   C:\Users\Cherr\AppData\Local\Temp\WB_Cherr_13832_2\_ProjectScratch\Scr56BE
     1                      Cherry   C:\Users\Cherr\AppData\Local\Temp\WB_Cherr_13832_2\_ProjectScratch\Scr56BE
     2                      Cherry   C:\Users\Cherr\AppData\Local\Temp\WB_Cherr_13832_2\_ProjectScratch\Scr56BE
     3                      Cherry   C:\Users\Cherr\AppData\Local\Temp\WB_Cherr_13832_2\_ProjectScratch\Scr56BE
 
Latency time from master to core     1 =    3.426 microseconds
Latency time from master to core     2 =    3.371 microseconds
Latency time from master to core     3 =    3.348 microseconds
 
Communication speed from master to core     1 =  2242.81 MB/sec
Communication speed from master to core     2 =  2104.73 MB/sec
Communication speed from master to core     3 =  2758.94 MB/sec

Total CPU time for main thread                    :        1.5 seconds
Total CPU time summed for all threads             :        2.9 seconds

Elapsed time spent obtaining a license            :        0.6 seconds
Elapsed time spent pre-processing model (/PREP7)  :        0.1 seconds
Elapsed time spent solution - preprocessing       :        0.1 seconds
Elapsed time spent computing solution             :        0.5 seconds
Elapsed time spent solution - postprocessing      :        0.0 seconds
Elapsed time spent post-processing model (/POST1) :        0.0 seconds
 
Equation solver used                              :            Sparse (symmetric)
Equation solver computational rate                :        2.6 Gflops

Sum of disk space used on all processes           :        6.8 MB

Sum of memory used on all processes               :      539.0 MB
Sum of memory allocated on all processes          :     2880.0 MB
Physical memory available                         :         15 GB
Total amount of I/O written to disk               :        0.0 GB
Total amount of I/O read from disk                :        0.0 GB

+------------------ E N D   M A P D L   S T A T I S T I C S -------------------+


 *-----------------------------------------------------------------------------*
 |                                                                             |
 |                               RUN COMPLETED                                 |
 |                                                                             |
 |-----------------------------------------------------------------------------|
 |                                                                             |
 |  Ansys MAPDL 2024 R2         Build 24.2         UP20240513    WINDOWS x64   |
 |                                                                             |
 |-----------------------------------------------------------------------------|
 |                                                                             |
 |  Database Requested(-db)     1024 MB     Scratch Memory Requested   1024 MB |
 |  Max Database Used(Master)      3 MB     Max Scratch Used(Master)    134 MB |
 |  Max Database Used(Workers)     1 MB     Max Scratch Used(Workers)   133 MB |
 |  Sum Database Used(All)         6 MB     Sum Scratch Used(All)       533 MB |
 |                                                                             |
 |-----------------------------------------------------------------------------|
 |                                                                             |
 |        CP Time      (sec) =          2.891       Time  =  17:30:11          |
 |        Elapsed Time (sec) =          4.000       Date  =  02/24/2025        |
 |                                                                             |
 *-----------------------------------------------------------------------------*
